<?xml version="1.0" encoding="UTF-8"?>
<!-- Generated by org.testng.reporters.JUnitReportReporter -->
<testsuite skipped="0" hostname="W10HZPT8H2" name="com.w2a.API_Automation.testCases.TestCreateUserAPI" tests="3" failures="0" timestamp="19 Jun 2020 18:11:06 GMT" time="4.019" errors="0">
  <testcase name="validateCreateUserAPIWithValidData" time="1.297" classname="com.w2a.API_Automation.testCases.TestCreateUserAPI"/>
  <testcase name="validateCreateUserAPIWithValidData" time="0.931" classname="com.w2a.API_Automation.testCases.TestCreateUserAPI"/>
  <testcase name="validateCreateUserAPIWithValidData" time="1.791" classname="com.w2a.API_Automation.testCases.TestCreateUserAPI"/>
</testsuite> <!-- com.w2a.API_Automation.testCases.TestCreateUserAPI -->
