<?xml version="1.0" encoding="UTF-8"?>
<!-- Generated by org.testng.reporters.JUnitReportReporter -->
<testsuite skipped="0" hostname="W10HZPT8H2" name="com.w2a.API_Automation.testCases.TestCreateCostumerAPI" tests="1" failures="0" timestamp="19 Jun 2020 18:11:06 GMT" time="3.785" errors="0">
  <testcase name="validateCreateCustomerAPIWithValidData" time="3.785" classname="com.w2a.API_Automation.testCases.TestCreateCostumerAPI"/>
</testsuite> <!-- com.w2a.API_Automation.testCases.TestCreateCostumerAPI -->
